2026-03-06T14:26:45.931484 FRONTEND trace=pick-1772796405929-4mn8wg stage=UI_CLICK data={"mode": "audio"}
2026-03-06T14:26:45.933491 FRONTEND trace=pick-1772796405929-4mn8wg stage=UI_CALL_PICKFILES data={"mode": "audio"}
2026-03-06T14:26:51.824636 BACKEND_PICK_RESULT trace=pick-1772796405929-4mn8wg mode=audio selected=1
2026-03-06T14:26:51.835252 FRONTEND trace=pick-1772796405929-4mn8wg stage=UI_RAW_PICK_RESPONSE data={"mode": "audio", "rawType": "object", "rawLen": 16, "raw": {}}
2026-03-06T14:26:51.850770 FRONTEND trace=pick-1772796405929-4mn8wg stage=UI_PARSE_ERROR data={"mode": "audio", "message": "SyntaxError: Unexpected token 'o', \"[object Promise]\" is not valid JSON"}
2026-03-06T14:26:51.855411 FRONTEND trace=pick-1772796405929-4mn8wg stage=UI_PARSE_RESULT data={"mode": "audio", "count": 0, "files": []}
2026-03-06T14:26:51.857909 FRONTEND trace=pick-1772796405929-4mn8wg stage=UI_NOTICE_SHOWN data={"mode": "audio", "notice": "No files were selected."}
2026-03-06T14:26:52.967375 FRONTEND trace=pick-1772796412964-y0ex5k stage=UI_CLICK data={"mode": "audio"}
2026-03-06T14:26:52.970885 FRONTEND trace=pick-1772796412964-y0ex5k stage=UI_CALL_PICKFILES data={"mode": "audio"}
2026-03-06T14:26:52.975326 BACKEND_PICK_RESULT trace=pick-1772796412964-y0ex5k mode=audio selected=1
2026-03-06T14:26:52.977321 FRONTEND trace=pick-1772796412964-y0ex5k stage=UI_RAW_PICK_RESPONSE data={"mode": "audio", "rawType": "object", "rawLen": 16, "raw": {}}
2026-03-06T14:26:52.978809 FRONTEND trace=pick-1772796412964-y0ex5k stage=UI_PARSE_ERROR data={"mode": "audio", "message": "SyntaxError: Unexpected token 'o', \"[object Promise]\" is not valid JSON"}
2026-03-06T14:26:52.980805 FRONTEND trace=pick-1772796412964-y0ex5k stage=UI_PARSE_RESULT data={"mode": "audio", "count": 0, "files": []}
2026-03-06T14:26:52.982799 FRONTEND trace=pick-1772796412964-y0ex5k stage=UI_NOTICE_SHOWN data={"mode": "audio", "notice": "No files were selected."}
2026-03-06T14:33:32.908051 FRONTEND trace=pick-1772796812906-k5k1c1 stage=UI_CLICK data={"mode": "audio"}
2026-03-06T14:33:32.911274 FRONTEND trace=pick-1772796812906-k5k1c1 stage=UI_CALL_PICKFILES data={"mode": "audio"}
2026-03-06T14:33:47.171574 BACKEND_PICK_RESULT trace=pick-1772796812906-k5k1c1 mode=audio selected=3
2026-03-06T14:33:47.203847 FRONTEND trace=pick-1772796812906-k5k1c1 stage=UI_RAW_PICK_RESPONSE data={"mode": "audio", "rawType": "string", "rawLen": 362, "raw": "{\"version\": \"1.0\", \"requestId\": \"1772796812907\", \"ok\": true, \"data\": {\"files\": [\"C:/Users/User/Desktop/tiktok projects/01 - Gajendra Verma - Tera Ghata (Female).m4a\", \"C:/Users/User/Desktop/tiktok projects/01. Nadia Mukami - Mario (A Franco Tribute).flac\", \"C:/Users/User/Desktop/tiktok projects/ANNASTACIA KIATU KIVUE - Kiatu Kivue (feat. Rose Muhando).flac\"]}}"}
2026-03-06T14:33:47.208897 FRONTEND trace=pick-1772796812906-k5k1c1 stage=UI_PARSE_RESULT data={"mode": "audio", "count": 3, "files": ["C:/Users/User/Desktop/tiktok projects/01 - Gajendra Verma - Tera Ghata (Female).m4a", "C:/Users/User/Desktop/tiktok projects/01. Nadia Mukami - Mario (A Franco Tribute).flac", "C:/Users/User/Desktop/tiktok projects/ANNASTACIA KIATU KIVUE - Kiatu Kivue (feat. Rose Muhando).flac"]}
2026-03-06T14:33:47.213360 FRONTEND trace=pick-1772796812906-k5k1c1 stage=UI_SETFILES_COUNT data={"mode": "audio", "count": 3}
2026-03-06T14:33:47.215723 FRONTEND trace=mp4gen-1772796827182 stage=MODAL_HANDLE_FILE_SELECT data={"count": 3}
2026-03-06T14:39:00.794208 FRONTEND trace=pick-1772797140791-augroa stage=UI_CLICK data={"mode": "video"}
2026-03-06T14:39:00.797631 FRONTEND trace=pick-1772797140791-augroa stage=UI_CALL_PICKFILES data={"mode": "video"}
2026-03-06T14:39:20.421578 BACKEND_PICK_RESULT trace=pick-1772797140791-augroa mode=video selected=0
2026-03-06T14:39:20.457481 FRONTEND trace=pick-1772797140791-augroa stage=UI_RAW_PICK_RESPONSE data={"mode": "video", "rawType": "string", "rawLen": 83, "raw": "{\"version\": \"1.0\", \"requestId\": \"1772797140791\", \"ok\": true, \"data\": {\"files\": []}}"}
2026-03-06T14:39:20.462611 FRONTEND trace=pick-1772797140791-augroa stage=UI_PARSE_RESULT data={"mode": "video", "count": 0, "files": []}
2026-03-06T14:39:20.471655 FRONTEND trace=pick-1772797140791-augroa stage=UI_NOTICE_SHOWN data={"mode": "video", "notice": "No files were selected."}
2026-03-06T14:39:23.204827 FRONTEND trace=pick-1772797163201-zdnodx stage=UI_CLICK data={"mode": "video"}
2026-03-06T14:39:23.207157 FRONTEND trace=pick-1772797163201-zdnodx stage=UI_CALL_PICKFILES data={"mode": "video"}
2026-03-06T14:39:26.955771 BACKEND_PICK_RESULT trace=pick-1772797163201-zdnodx mode=video selected=1
2026-03-06T14:39:26.984616 FRONTEND trace=pick-1772797163201-zdnodx stage=UI_RAW_PICK_RESPONSE data={"mode": "video", "rawType": "string", "rawLen": 142, "raw": "{\"version\": \"1.0\", \"requestId\": \"1772797163201\", \"ok\": true, \"data\": {\"files\": [\"C:/Users/User/Desktop/copyright_batch_20260306_143653.mp4\"]}}"}
2026-03-06T14:39:26.987972 FRONTEND trace=pick-1772797163201-zdnodx stage=UI_PARSE_RESULT data={"mode": "video", "count": 1, "files": ["C:/Users/User/Desktop/copyright_batch_20260306_143653.mp4"]}
2026-03-06T14:39:26.990016 FRONTEND trace=pick-1772797163201-zdnodx stage=UI_SETFILES_COUNT data={"mode": "video", "count": 1}
2026-03-06T15:08:30.875150 BACKEND_PICK_RESULT trace=- mode=audio selected=3
2026-03-06T15:37:48.634133 BACKEND_PICK_RESULT trace=- mode=audio selected=3
2026-03-10T10:43:49.576486 BACKEND_PICK_RESULT trace=- mode=audio selected=2
2026-03-10T15:15:54.950967 BACKEND_PICK_RESULT trace=- mode=audio selected=1
2026-03-10T15:19:15.535540 BACKEND_PICK_RESULT trace=- mode=audio selected=1
2026-03-10T15:39:04.279422 BACKEND_PICK_RESULT trace=- mode=audio selected=1
2026-03-11T19:33:49.976679 BACKEND_PICK_RESULT trace=- mode=audio selected=1
2026-03-11T19:52:52.732608 BACKEND_PICK_RESULT trace=- mode=audio selected=1
2026-03-12T10:32:50.806826 BACKEND_PICK_RESULT trace=- mode=audio selected=0
2026-03-12T12:57:06.647498 FRONTEND trace=sidebar-hover stage=sidebar_mount data={"build": "SBDBG-20260312-03", "activeTab": "Toolkit"}
2026-03-12T12:57:07.960496 FRONTEND trace=sidebar-hover stage=hover_enter data={"build": "SBDBG-20260312-03", "itemId": "Toolkit", "label": "Toolkit", "tooltipFound": true, "tooltipOpacity": "0", "tooltipDisplay": "block", "tooltipVisibility": "visible", "tooltipRect": {"left": 81, "top": 216, "width": 72, "height": 29}, "activeTab": "Toolkit"}
2026-03-12T12:57:07.962380 FRONTEND trace=sidebar-hover stage=hover_enter data={"build": "SBDBG-20260312-03", "itemId": "Toolkit", "label": "Toolkit", "tooltipFound": true, "tooltipOpacity": "0", "tooltipDisplay": "block", "tooltipVisibility": "visible", "tooltipRect": {"left": 81, "top": 216, "width": 72, "height": 29}, "activeTab": "Toolkit"}
2026-03-12T12:57:08.688963 FRONTEND trace=sidebar-hover stage=hover_leave data={"build": "SBDBG-20260312-03", "itemId": "Toolkit", "label": "Toolkit", "tooltipFound": true, "tooltipOpacity": "1", "tooltipDisplay": "block", "tooltipVisibility": "visible", "tooltipRect": {"left": 75, "top": 215, "width": 76, "height": 31}, "activeTab": "Toolkit"}
2026-03-12T12:57:08.691955 FRONTEND trace=sidebar-hover stage=hover_leave data={"build": "SBDBG-20260312-03", "itemId": "Toolkit", "label": "Toolkit", "tooltipFound": true, "tooltipOpacity": "1", "tooltipDisplay": "block", "tooltipVisibility": "visible", "tooltipRect": {"left": 75, "top": 215, "width": 76, "height": 31}, "activeTab": "Toolkit"}
2026-03-12T12:57:08.773115 FRONTEND trace=sidebar-hover stage=hover_enter data={"build": "SBDBG-20260312-03", "itemId": "Copyright", "label": "Copyright", "tooltipFound": true, "tooltipOpacity": "0", "tooltipDisplay": "block", "tooltipVisibility": "visible", "tooltipRect": {"left": 82, "top": 272, "width": 89, "height": 29}, "activeTab": "Toolkit"}
2026-03-12T12:57:08.776101 FRONTEND trace=sidebar-hover stage=hover_enter data={"build": "SBDBG-20260312-03", "itemId": "Copyright", "label": "Copyright", "tooltipFound": true, "tooltipOpacity": "0", "tooltipDisplay": "block", "tooltipVisibility": "visible", "tooltipRect": {"left": 82, "top": 272, "width": 89, "height": 29}, "activeTab": "Toolkit"}
2026-03-12T12:57:09.238995 FRONTEND trace=sidebar-hover stage=hover_leave data={"build": "SBDBG-20260312-03", "itemId": "Copyright", "label": "Copyright", "tooltipFound": true, "tooltipOpacity": "1", "tooltipDisplay": "block", "tooltipVisibility": "visible", "tooltipRect": {"left": 75, "top": 271, "width": 93, "height": 31}, "activeTab": "Toolkit"}
2026-03-12T12:57:09.242984 FRONTEND trace=sidebar-hover stage=hover_leave data={"build": "SBDBG-20260312-03", "itemId": "Copyright", "label": "Copyright", "tooltipFound": true, "tooltipOpacity": "1", "tooltipDisplay": "block", "tooltipVisibility": "visible", "tooltipRect": {"left": 75, "top": 271, "width": 93, "height": 31}, "activeTab": "Toolkit"}
2026-03-12T12:57:09.293760 FRONTEND trace=sidebar-hover stage=hover_enter data={"build": "SBDBG-20260312-03", "itemId": "Music", "label": "Key Detect", "tooltipFound": true, "tooltipOpacity": "0", "tooltipDisplay": "block", "tooltipVisibility": "visible", "tooltipRect": {"left": 82, "top": 328, "width": 93, "height": 29}, "activeTab": "Toolkit"}
2026-03-12T12:57:09.298571 FRONTEND trace=sidebar-hover stage=hover_enter data={"build": "SBDBG-20260312-03", "itemId": "Music", "label": "Key Detect", "tooltipFound": true, "tooltipOpacity": "0", "tooltipDisplay": "block", "tooltipVisibility": "visible", "tooltipRect": {"left": 82, "top": 328, "width": 93, "height": 29}, "activeTab": "Toolkit"}
2026-03-12T12:57:09.571393 FRONTEND trace=sidebar-hover stage=hover_leave data={"build": "SBDBG-20260312-03", "itemId": "Music", "label": "Key Detect", "tooltipFound": true, "tooltipOpacity": "1", "tooltipDisplay": "block", "tooltipVisibility": "visible", "tooltipRect": {"left": 75, "top": 327, "width": 98, "height": 31}, "activeTab": "Toolkit"}
2026-03-12T12:57:09.574383 FRONTEND trace=sidebar-hover stage=hover_leave data={"build": "SBDBG-20260312-03", "itemId": "Music", "label": "Key Detect", "tooltipFound": true, "tooltipOpacity": "1", "tooltipDisplay": "block", "tooltipVisibility": "visible", "tooltipRect": {"left": 75, "top": 327, "width": 98, "height": 31}, "activeTab": "Toolkit"}
2026-03-12T12:57:09.659606 FRONTEND trace=sidebar-hover stage=hover_enter data={"build": "SBDBG-20260312-03", "itemId": "History", "label": "History", "tooltipFound": true, "tooltipOpacity": "0", "tooltipDisplay": "block", "tooltipVisibility": "visible", "tooltipRect": {"left": 81, "top": 384, "width": 72, "height": 29}, "activeTab": "Toolkit"}
2026-03-12T12:57:09.662501 FRONTEND trace=sidebar-hover stage=hover_enter data={"build": "SBDBG-20260312-03", "itemId": "History", "label": "History", "tooltipFound": true, "tooltipOpacity": "0", "tooltipDisplay": "block", "tooltipVisibility": "visible", "tooltipRect": {"left": 81, "top": 384, "width": 72, "height": 29}, "activeTab": "Toolkit"}
2026-03-12T12:57:09.987419 FRONTEND trace=sidebar-hover stage=hover_leave data={"build": "SBDBG-20260312-03", "itemId": "History", "label": "History", "tooltipFound": true, "tooltipOpacity": "1", "tooltipDisplay": "block", "tooltipVisibility": "visible", "tooltipRect": {"left": 75, "top": 383, "width": 76, "height": 31}, "activeTab": "Toolkit"}
2026-03-12T12:57:09.991408 FRONTEND trace=sidebar-hover stage=hover_leave data={"build": "SBDBG-20260312-03", "itemId": "History", "label": "History", "tooltipFound": true, "tooltipOpacity": "1", "tooltipDisplay": "block", "tooltipVisibility": "visible", "tooltipRect": {"left": 75, "top": 383, "width": 76, "height": 31}, "activeTab": "Toolkit"}
2026-03-12T12:57:10.224853 FRONTEND trace=sidebar-hover stage=hover_enter data={"build": "SBDBG-20260312-03", "itemId": "Settings", "label": "Settings", "tooltipFound": true, "tooltipOpacity": "0", "tooltipDisplay": "block", "tooltipVisibility": "visible", "tooltipRect": {"left": 81, "top": 511, "width": 79, "height": 29}, "activeTab": "Toolkit"}
2026-03-12T12:57:10.226764 FRONTEND trace=sidebar-hover stage=hover_enter data={"build": "SBDBG-20260312-03", "itemId": "Settings", "label": "Settings", "tooltipFound": true, "tooltipOpacity": "0", "tooltipDisplay": "block", "tooltipVisibility": "visible", "tooltipRect": {"left": 81, "top": 511, "width": 79, "height": 29}, "activeTab": "Toolkit"}
2026-03-12T12:57:10.504544 FRONTEND trace=sidebar-hover stage=hover_leave data={"build": "SBDBG-20260312-03", "itemId": "Settings", "label": "Settings", "tooltipFound": true, "tooltipOpacity": "1", "tooltipDisplay": "block", "tooltipVisibility": "visible", "tooltipRect": {"left": 75, "top": 511, "width": 83, "height": 31}, "activeTab": "Toolkit"}
2026-03-12T12:57:10.506541 FRONTEND trace=sidebar-hover stage=hover_leave data={"build": "SBDBG-20260312-03", "itemId": "Settings", "label": "Settings", "tooltipFound": true, "tooltipOpacity": "1", "tooltipDisplay": "block", "tooltipVisibility": "visible", "tooltipRect": {"left": 75, "top": 511, "width": 83, "height": 31}, "activeTab": "Toolkit"}
2026-03-12T12:57:10.954345 FRONTEND trace=sidebar-hover stage=hover_enter data={"build": "SBDBG-20260312-03", "itemId": "Settings", "label": "Settings", "tooltipFound": true, "tooltipOpacity": "0", "tooltipDisplay": "block", "tooltipVisibility": "visible", "tooltipRect": {"left": 81, "top": 511, "width": 79, "height": 29}, "activeTab": "Toolkit"}
2026-03-12T12:57:10.958088 FRONTEND trace=sidebar-hover stage=hover_enter data={"build": "SBDBG-20260312-03", "itemId": "Settings", "label": "Settings", "tooltipFound": true, "tooltipOpacity": "0", "tooltipDisplay": "block", "tooltipVisibility": "visible", "tooltipRect": {"left": 81, "top": 511, "width": 79, "height": 29}, "activeTab": "Toolkit"}
2026-03-12T12:57:10.990746 FRONTEND trace=sidebar-hover stage=hover_leave data={"build": "SBDBG-20260312-03", "itemId": "Settings", "label": "Settings", "tooltipFound": true, "tooltipOpacity": "0", "tooltipDisplay": "block", "tooltipVisibility": "visible", "tooltipRect": {"left": 81, "top": 511, "width": 79, "height": 29}, "activeTab": "Toolkit"}
2026-03-12T12:57:10.996002 FRONTEND trace=sidebar-hover stage=hover_leave data={"build": "SBDBG-20260312-03", "itemId": "Settings", "label": "Settings", "tooltipFound": true, "tooltipOpacity": "0", "tooltipDisplay": "block", "tooltipVisibility": "visible", "tooltipRect": {"left": 81, "top": 511, "width": 79, "height": 29}, "activeTab": "Toolkit"}
2026-03-12T12:57:11.274375 FRONTEND trace=sidebar-hover stage=hover_enter data={"build": "SBDBG-20260312-03", "itemId": "Copyright", "label": "Copyright", "tooltipFound": true, "tooltipOpacity": "0", "tooltipDisplay": "block", "tooltipVisibility": "visible", "tooltipRect": {"left": 82, "top": 272, "width": 89, "height": 29}, "activeTab": "Toolkit"}
2026-03-12T12:57:11.278016 FRONTEND trace=sidebar-hover stage=hover_enter data={"build": "SBDBG-20260312-03", "itemId": "Copyright", "label": "Copyright", "tooltipFound": true, "tooltipOpacity": "0", "tooltipDisplay": "block", "tooltipVisibility": "visible", "tooltipRect": {"left": 82, "top": 272, "width": 89, "height": 29}, "activeTab": "Toolkit"}
2026-03-12T12:57:11.377790 FRONTEND trace=sidebar-hover stage=hover_leave data={"build": "SBDBG-20260312-03", "itemId": "Copyright", "label": "Copyright", "tooltipFound": true, "tooltipOpacity": "0.646742", "tooltipDisplay": "block", "tooltipVisibility": "visible", "tooltipRect": {"left": 78, "top": 271, "width": 92, "height": 30}, "activeTab": "Toolkit"}
2026-03-12T12:57:11.381696 FRONTEND trace=sidebar-hover stage=hover_leave data={"build": "SBDBG-20260312-03", "itemId": "Copyright", "label": "Copyright", "tooltipFound": true, "tooltipOpacity": "0.646742", "tooltipDisplay": "block", "tooltipVisibility": "visible", "tooltipRect": {"left": 78, "top": 271, "width": 92, "height": 30}, "activeTab": "Toolkit"}
2026-03-12T12:57:11.424528 FRONTEND trace=sidebar-hover stage=hover_enter data={"build": "SBDBG-20260312-03", "itemId": "Toolkit", "label": "Toolkit", "tooltipFound": true, "tooltipOpacity": "0", "tooltipDisplay": "block", "tooltipVisibility": "visible", "tooltipRect": {"left": 81, "top": 216, "width": 72, "height": 29}, "activeTab": "Toolkit"}
2026-03-12T12:57:11.430417 FRONTEND trace=sidebar-hover stage=hover_enter data={"build": "SBDBG-20260312-03", "itemId": "Toolkit", "label": "Toolkit", "tooltipFound": true, "tooltipOpacity": "0", "tooltipDisplay": "block", "tooltipVisibility": "visible", "tooltipRect": {"left": 81, "top": 216, "width": 72, "height": 29}, "activeTab": "Toolkit"}
2026-03-12T12:57:11.674024 FRONTEND trace=sidebar-hover stage=hover_leave data={"build": "SBDBG-20260312-03", "itemId": "Toolkit", "label": "Toolkit", "tooltipFound": true, "tooltipOpacity": "1", "tooltipDisplay": "block", "tooltipVisibility": "visible", "tooltipRect": {"left": 75, "top": 215, "width": 76, "height": 31}, "activeTab": "Toolkit"}
2026-03-12T12:57:11.679562 FRONTEND trace=sidebar-hover stage=hover_leave data={"build": "SBDBG-20260312-03", "itemId": "Toolkit", "label": "Toolkit", "tooltipFound": true, "tooltipOpacity": "1", "tooltipDisplay": "block", "tooltipVisibility": "visible", "tooltipRect": {"left": 75, "top": 215, "width": 76, "height": 31}, "activeTab": "Toolkit"}
2026-03-12T12:57:11.740845 FRONTEND trace=sidebar-hover stage=hover_enter data={"build": "SBDBG-20260312-03", "itemId": "Copyright", "label": "Copyright", "tooltipFound": true, "tooltipOpacity": "0", "tooltipDisplay": "block", "tooltipVisibility": "visible", "tooltipRect": {"left": 82, "top": 272, "width": 89, "height": 29}, "activeTab": "Toolkit"}
2026-03-12T12:57:11.743819 FRONTEND trace=sidebar-hover stage=hover_enter data={"build": "SBDBG-20260312-03", "itemId": "Copyright", "label": "Copyright", "tooltipFound": true, "tooltipOpacity": "0", "tooltipDisplay": "block", "tooltipVisibility": "visible", "tooltipRect": {"left": 82, "top": 272, "width": 89, "height": 29}, "activeTab": "Toolkit"}
2026-03-12T12:57:11.894576 FRONTEND trace=sidebar-hover stage=hover_leave data={"build": "SBDBG-20260312-03", "itemId": "Copyright", "label": "Copyright", "tooltipFound": true, "tooltipOpacity": "0.862671", "tooltipDisplay": "block", "tooltipVisibility": "visible", "tooltipRect": {"left": 76, "top": 271, "width": 93, "height": 31}, "activeTab": "Toolkit"}
2026-03-12T12:57:11.898564 FRONTEND trace=sidebar-hover stage=hover_leave data={"build": "SBDBG-20260312-03", "itemId": "Copyright", "label": "Copyright", "tooltipFound": true, "tooltipOpacity": "0.862671", "tooltipDisplay": "block", "tooltipVisibility": "visible", "tooltipRect": {"left": 76, "top": 271, "width": 93, "height": 31}, "activeTab": "Toolkit"}
2026-03-12T12:57:11.927646 FRONTEND trace=sidebar-hover stage=hover_enter data={"build": "SBDBG-20260312-03", "itemId": "Music", "label": "Key Detect", "tooltipFound": true, "tooltipOpacity": "0", "tooltipDisplay": "block", "tooltipVisibility": "visible", "tooltipRect": {"left": 82, "top": 328, "width": 93, "height": 29}, "activeTab": "Toolkit"}
2026-03-12T12:57:11.931640 FRONTEND trace=sidebar-hover stage=hover_enter data={"build": "SBDBG-20260312-03", "itemId": "Music", "label": "Key Detect", "tooltipFound": true, "tooltipOpacity": "0", "tooltipDisplay": "block", "tooltipVisibility": "visible", "tooltipRect": {"left": 82, "top": 328, "width": 93, "height": 29}, "activeTab": "Toolkit"}
2026-03-12T12:57:12.041116 FRONTEND trace=sidebar-hover stage=hover_leave data={"build": "SBDBG-20260312-03", "itemId": "Music", "label": "Key Detect", "tooltipFound": true, "tooltipOpacity": "0.647043", "tooltipDisplay": "block", "tooltipVisibility": "visible", "tooltipRect": {"left": 78, "top": 327, "width": 96, "height": 30}, "activeTab": "Toolkit"}
2026-03-12T12:57:12.046110 FRONTEND trace=sidebar-hover stage=hover_leave data={"build": "SBDBG-20260312-03", "itemId": "Music", "label": "Key Detect", "tooltipFound": true, "tooltipOpacity": "0.647043", "tooltipDisplay": "block", "tooltipVisibility": "visible", "tooltipRect": {"left": 78, "top": 327, "width": 96, "height": 30}, "activeTab": "Toolkit"}
2026-03-12T12:57:12.093200 FRONTEND trace=sidebar-hover stage=hover_enter data={"build": "SBDBG-20260312-03", "itemId": "History", "label": "History", "tooltipFound": true, "tooltipOpacity": "0", "tooltipDisplay": "block", "tooltipVisibility": "visible", "tooltipRect": {"left": 81, "top": 384, "width": 72, "height": 29}, "activeTab": "Toolkit"}
2026-03-12T12:57:12.097188 FRONTEND trace=sidebar-hover stage=hover_enter data={"build": "SBDBG-20260312-03", "itemId": "History", "label": "History", "tooltipFound": true, "tooltipOpacity": "0", "tooltipDisplay": "block", "tooltipVisibility": "visible", "tooltipRect": {"left": 81, "top": 384, "width": 72, "height": 29}, "activeTab": "Toolkit"}
2026-03-12T12:57:12.227164 FRONTEND trace=sidebar-hover stage=hover_leave data={"build": "SBDBG-20260312-03", "itemId": "History", "label": "History", "tooltipFound": true, "tooltipOpacity": "0.776091", "tooltipDisplay": "block", "tooltipVisibility": "visible", "tooltipRect": {"left": 77, "top": 383, "width": 75, "height": 31}, "activeTab": "Toolkit"}
2026-03-12T12:57:12.230148 FRONTEND trace=sidebar-hover stage=hover_leave data={"build": "SBDBG-20260312-03", "itemId": "History", "label": "History", "tooltipFound": true, "tooltipOpacity": "0.776091", "tooltipDisplay": "block", "tooltipVisibility": "visible", "tooltipRect": {"left": 77, "top": 383, "width": 75, "height": 31}, "activeTab": "Toolkit"}
2026-03-12T12:57:12.471132 FRONTEND trace=sidebar-hover stage=hover_enter data={"build": "SBDBG-20260312-03", "itemId": "Settings", "label": "Settings", "tooltipFound": true, "tooltipOpacity": "0", "tooltipDisplay": "block", "tooltipVisibility": "visible", "tooltipRect": {"left": 81, "top": 511, "width": 79, "height": 29}, "activeTab": "Toolkit"}
2026-03-12T12:57:12.473127 FRONTEND trace=sidebar-hover stage=hover_enter data={"build": "SBDBG-20260312-03", "itemId": "Settings", "label": "Settings", "tooltipFound": true, "tooltipOpacity": "0", "tooltipDisplay": "block", "tooltipVisibility": "visible", "tooltipRect": {"left": 81, "top": 511, "width": 79, "height": 29}, "activeTab": "Toolkit"}
2026-03-12T12:57:12.771131 FRONTEND trace=sidebar-hover stage=hover_leave data={"build": "SBDBG-20260312-03", "itemId": "Settings", "label": "Settings", "tooltipFound": true, "tooltipOpacity": "1", "tooltipDisplay": "block", "tooltipVisibility": "visible", "tooltipRect": {"left": 75, "top": 511, "width": 83, "height": 31}, "activeTab": "Toolkit"}
2026-03-12T12:57:12.776118 FRONTEND trace=sidebar-hover stage=hover_leave data={"build": "SBDBG-20260312-03", "itemId": "Settings", "label": "Settings", "tooltipFound": true, "tooltipOpacity": "1", "tooltipDisplay": "block", "tooltipVisibility": "visible", "tooltipRect": {"left": 75, "top": 511, "width": 83, "height": 31}, "activeTab": "Toolkit"}
2026-03-12T12:57:13.411797 FRONTEND trace=sidebar-hover stage=hover_enter data={"build": "SBDBG-20260312-03", "itemId": "Settings", "label": "Settings", "tooltipFound": true, "tooltipOpacity": "0", "tooltipDisplay": "block", "tooltipVisibility": "visible", "tooltipRect": {"left": 81, "top": 511, "width": 79, "height": 29}, "activeTab": "Toolkit"}
2026-03-12T12:57:13.414787 FRONTEND trace=sidebar-hover stage=hover_enter data={"build": "SBDBG-20260312-03", "itemId": "Settings", "label": "Settings", "tooltipFound": true, "tooltipOpacity": "0", "tooltipDisplay": "block", "tooltipVisibility": "visible", "tooltipRect": {"left": 81, "top": 511, "width": 79, "height": 29}, "activeTab": "Toolkit"}
2026-03-12T12:57:13.666015 FRONTEND trace=sidebar-hover stage=hover_leave data={"build": "SBDBG-20260312-03", "itemId": "Settings", "label": "Settings", "tooltipFound": true, "tooltipOpacity": "1", "tooltipDisplay": "block", "tooltipVisibility": "visible", "tooltipRect": {"left": 75, "top": 511, "width": 83, "height": 31}, "activeTab": "Toolkit"}
2026-03-12T12:57:13.670100 FRONTEND trace=sidebar-hover stage=hover_leave data={"build": "SBDBG-20260312-03", "itemId": "Settings", "label": "Settings", "tooltipFound": true, "tooltipOpacity": "1", "tooltipDisplay": "block", "tooltipVisibility": "visible", "tooltipRect": {"left": 75, "top": 511, "width": 83, "height": 31}, "activeTab": "Toolkit"}
2026-03-12T12:57:13.876892 FRONTEND trace=sidebar-hover stage=hover_enter data={"build": "SBDBG-20260312-03", "itemId": "History", "label": "History", "tooltipFound": true, "tooltipOpacity": "0", "tooltipDisplay": "block", "tooltipVisibility": "visible", "tooltipRect": {"left": 81, "top": 384, "width": 72, "height": 29}, "activeTab": "Toolkit"}
2026-03-12T12:57:13.881704 FRONTEND trace=sidebar-hover stage=hover_enter data={"build": "SBDBG-20260312-03", "itemId": "History", "label": "History", "tooltipFound": true, "tooltipOpacity": "0", "tooltipDisplay": "block", "tooltipVisibility": "visible", "tooltipRect": {"left": 81, "top": 384, "width": 72, "height": 29}, "activeTab": "Toolkit"}
2026-03-12T12:57:13.959097 FRONTEND trace=sidebar-hover stage=hover_leave data={"build": "SBDBG-20260312-03", "itemId": "History", "label": "History", "tooltipFound": true, "tooltipOpacity": "0.085522", "tooltipDisplay": "block", "tooltipVisibility": "visible", "tooltipRect": {"left": 81, "top": 384, "width": 72, "height": 30}, "activeTab": "Toolkit"}
2026-03-12T12:57:13.964448 FRONTEND trace=sidebar-hover stage=hover_leave data={"build": "SBDBG-20260312-03", "itemId": "History", "label": "History", "tooltipFound": true, "tooltipOpacity": "0.085522", "tooltipDisplay": "block", "tooltipVisibility": "visible", "tooltipRect": {"left": 81, "top": 384, "width": 72, "height": 30}, "activeTab": "Toolkit"}
2026-03-12T12:57:14.010196 FRONTEND trace=sidebar-hover stage=hover_enter data={"build": "SBDBG-20260312-03", "itemId": "Music", "label": "Key Detect", "tooltipFound": true, "tooltipOpacity": "0", "tooltipDisplay": "block", "tooltipVisibility": "visible", "tooltipRect": {"left": 82, "top": 328, "width": 93, "height": 29}, "activeTab": "Toolkit"}
2026-03-12T12:57:14.015362 FRONTEND trace=sidebar-hover stage=hover_enter data={"build": "SBDBG-20260312-03", "itemId": "Music", "label": "Key Detect", "tooltipFound": true, "tooltipOpacity": "0", "tooltipDisplay": "block", "tooltipVisibility": "visible", "tooltipRect": {"left": 82, "top": 328, "width": 93, "height": 29}, "activeTab": "Toolkit"}
2026-03-12T12:57:14.196119 FRONTEND trace=sidebar-hover stage=hover_leave data={"build": "SBDBG-20260312-03", "itemId": "Music", "label": "Key Detect", "tooltipFound": true, "tooltipOpacity": "0.920971", "tooltipDisplay": "block", "tooltipVisibility": "visible", "tooltipRect": {"left": 76, "top": 327, "width": 97, "height": 31}, "activeTab": "Toolkit"}
2026-03-12T12:57:14.201351 FRONTEND trace=sidebar-hover stage=hover_leave data={"build": "SBDBG-20260312-03", "itemId": "Music", "label": "Key Detect", "tooltipFound": true, "tooltipOpacity": "0.920971", "tooltipDisplay": "block", "tooltipVisibility": "visible", "tooltipRect": {"left": 76, "top": 327, "width": 97, "height": 31}, "activeTab": "Toolkit"}
2026-03-12T12:57:14.242702 FRONTEND trace=sidebar-hover stage=hover_enter data={"build": "SBDBG-20260312-03", "itemId": "Copyright", "label": "Copyright", "tooltipFound": true, "tooltipOpacity": "0", "tooltipDisplay": "block", "tooltipVisibility": "visible", "tooltipRect": {"left": 82, "top": 272, "width": 89, "height": 29}, "activeTab": "Toolkit"}
2026-03-12T12:57:14.244702 FRONTEND trace=sidebar-hover stage=hover_enter data={"build": "SBDBG-20260312-03", "itemId": "Copyright", "label": "Copyright", "tooltipFound": true, "tooltipOpacity": "0", "tooltipDisplay": "block", "tooltipVisibility": "visible", "tooltipRect": {"left": 82, "top": 272, "width": 89, "height": 29}, "activeTab": "Toolkit"}
2026-03-12T12:57:14.464490 FRONTEND trace=sidebar-hover stage=hover_leave data={"build": "SBDBG-20260312-03", "itemId": "Copyright", "label": "Copyright", "tooltipFound": true, "tooltipOpacity": "0.983446", "tooltipDisplay": "block", "tooltipVisibility": "visible", "tooltipRect": {"left": 75, "top": 271, "width": 93, "height": 31}, "activeTab": "Toolkit"}
2026-03-12T12:57:14.467480 FRONTEND trace=sidebar-hover stage=hover_leave data={"build": "SBDBG-20260312-03", "itemId": "Copyright", "label": "Copyright", "tooltipFound": true, "tooltipOpacity": "0.983446", "tooltipDisplay": "block", "tooltipVisibility": "visible", "tooltipRect": {"left": 75, "top": 271, "width": 93, "height": 31}, "activeTab": "Toolkit"}
2026-03-12T12:57:14.526852 FRONTEND trace=sidebar-hover stage=hover_enter data={"build": "SBDBG-20260312-03", "itemId": "Toolkit", "label": "Toolkit", "tooltipFound": true, "tooltipOpacity": "0", "tooltipDisplay": "block", "tooltipVisibility": "visible", "tooltipRect": {"left": 81, "top": 216, "width": 72, "height": 29}, "activeTab": "Toolkit"}
2026-03-12T12:57:14.531953 FRONTEND trace=sidebar-hover stage=hover_enter data={"build": "SBDBG-20260312-03", "itemId": "Toolkit", "label": "Toolkit", "tooltipFound": true, "tooltipOpacity": "0", "tooltipDisplay": "block", "tooltipVisibility": "visible", "tooltipRect": {"left": 81, "top": 216, "width": 72, "height": 29}, "activeTab": "Toolkit"}
2026-03-12T12:57:14.948148 FRONTEND trace=sidebar-hover stage=hover_leave data={"build": "SBDBG-20260312-03", "itemId": "Toolkit", "label": "Toolkit", "tooltipFound": true, "tooltipOpacity": "1", "tooltipDisplay": "block", "tooltipVisibility": "visible", "tooltipRect": {"left": 75, "top": 215, "width": 76, "height": 31}, "activeTab": "Toolkit"}
2026-03-12T12:57:14.951143 FRONTEND trace=sidebar-hover stage=hover_leave data={"build": "SBDBG-20260312-03", "itemId": "Toolkit", "label": "Toolkit", "tooltipFound": true, "tooltipOpacity": "1", "tooltipDisplay": "block", "tooltipVisibility": "visible", "tooltipRect": {"left": 75, "top": 215, "width": 76, "height": 31}, "activeTab": "Toolkit"}
