2026-03-03T15:47:56.378143 pick_files_for_mode mode=audio accepted=True selected=3
  file=C:/Users/User/Downloads/01 - Toxic Lyrikali - Bad Everyday.flac
  file=C:/Users/User/Downloads/07 - Gabriel Lee - Nature Cycles Variations - Part 1 (Edit).flac
  file=C:/Users/User/Downloads/01 - BURUKLYN BOYZ - GENJE SANA.m4a
2026-03-03T15:47:56.381158 system.pick_files mode=audio selected=3
2026-03-03T16:09:57.605931 pick_files_for_mode mode=audio accepted=True selected=3
  file=C:/Users/User/Downloads/01 - Toxic Lyrikali - Bad Everyday.flac
  file=C:/Users/User/Downloads/07 - Gabriel Lee - Nature Cycles Variations - Part 1 (Edit).flac
  file=C:/Users/User/Downloads/01 - BURUKLYN BOYZ - GENJE SANA.m4a
2026-03-03T16:09:57.608437 system.pick_files mode=audio selected=3
2026-03-03T16:25:13.847890 pick_files_for_mode mode=audio accepted=True selected=3
  file=C:/Users/User/Downloads/01 - Toxic Lyrikali - Bad Everyday.flac
  file=C:/Users/User/Downloads/07 - Gabriel Lee - Nature Cycles Variations - Part 1 (Edit).flac
  file=C:/Users/User/Downloads/01 - BURUKLYN BOYZ - GENJE SANA.m4a
2026-03-03T16:25:13.849401 system.pick_files mode=audio selected=3
2026-03-03T16:25:48.499594 pick_files_for_mode mode=video accepted=False selected=0
2026-03-03T16:25:48.501601 system.pick_files mode=video selected=0
2026-03-03T16:25:55.405460 pick_files_for_mode mode=audio accepted=True selected=2
  file=C:/Users/User/Downloads/DJDownloads/MP3/Five Deez - The Ocean [ELoAy4-7YUU].mp3
  file=C:/Users/User/Downloads/DJDownloads/MP3/THE PRIESTS OF THE RAVEN OF DAWN by The Open Window [NWYJEjXFtTE].mp3
2026-03-03T16:25:55.406970 system.pick_files mode=audio selected=2
2026-03-03T16:36:30.776705 pick_files_for_mode mode=audio accepted=True selected=3
  file=C:/Users/User/Downloads/01 - Toxic Lyrikali - Bad Everyday.flac
  file=C:/Users/User/Downloads/07 - Gabriel Lee - Nature Cycles Variations - Part 1 (Edit).flac
  file=C:/Users/User/Downloads/01 - BURUKLYN BOYZ - GENJE SANA.m4a
2026-03-03T16:36:30.776705 system.pick_files mode=audio selected=3
2026-03-03T16:36:42.410596 pick_files_for_mode mode=audio accepted=True selected=3
  file=C:/Users/User/Downloads/01 - Toxic Lyrikali - Bad Everyday.flac
  file=C:/Users/User/Downloads/07 - Gabriel Lee - Nature Cycles Variations - Part 1 (Edit).flac
  file=C:/Users/User/Downloads/01 - BURUKLYN BOYZ - GENJE SANA.m4a
2026-03-03T16:36:42.412788 system.pick_files mode=audio selected=3
2026-03-03T18:23:17.500672 pick_files_for_mode mode=audio accepted=True selected=3
  file=C:/Users/User/Downloads/01 - Toxic Lyrikali - Bad Everyday.flac
  file=C:/Users/User/Downloads/07 - Gabriel Lee - Nature Cycles Variations - Part 1 (Edit).flac
  file=C:/Users/User/Downloads/01 - BURUKLYN BOYZ - GENJE SANA.m4a
2026-03-03T18:23:17.506652 system.pick_files mode=audio selected=3
2026-03-03T19:03:46.078611 pick_files_for_mode mode=audio accepted=True selected=3
  file=C:/Users/User/Downloads/01 - Toxic Lyrikali - Bad Everyday.flac
  file=C:/Users/User/Downloads/07 - Gabriel Lee - Nature Cycles Variations - Part 1 (Edit).flac
  file=C:/Users/User/Downloads/01 - BURUKLYN BOYZ - GENJE SANA.m4a
2026-03-03T19:03:46.081828 system.pick_files mode=audio selected=3
2026-03-03T19:03:49.624360 pick_files_for_mode mode=audio accepted=True selected=1
  file=C:/Users/User/Downloads/01 - Toxic Lyrikali - Bad Everyday.flac
2026-03-03T19:03:58.256437 pick_files_for_mode mode=audio accepted=True selected=3
  file=C:/Users/User/Downloads/01 - Toxic Lyrikali - Bad Everyday.flac
  file=C:/Users/User/Downloads/07 - Gabriel Lee - Nature Cycles Variations - Part 1 (Edit).flac
  file=C:/Users/User/Downloads/01 - BURUKLYN BOYZ - GENJE SANA.m4a
2026-03-03T19:03:58.259431 system.pick_files mode=audio selected=3
2026-03-03T19:04:00.736441 pick_files_for_mode mode=audio accepted=False selected=0
2026-03-03T19:39:36.262852 pick_files_for_mode mode=audio accepted=True selected=3
  file=C:/Users/User/Downloads/12 - Dela - It Is What It Is [feat. Naledge of Kidz In The Hall].flac
  file=C:/Users/User/Downloads/01 - Toxic Lyrikali - Bad Everyday.flac
  file=C:/Users/User/Downloads/07 - Gabriel Lee - Nature Cycles Variations - Part 1 (Edit).flac
2026-03-03T19:39:36.264860 system.pick_files mode=audio selected=3
2026-03-03T19:39:45.481749 pick_files_for_mode mode=audio accepted=False selected=0
2026-03-03T19:39:45.483756 system.pick_files mode=audio selected=0
2026-03-03T19:40:37.229557 pick_files_for_mode mode=audio accepted=True selected=3
  file=C:/Users/User/Downloads/01 - Toxic Lyrikali - Bad Everyday.flac
  file=C:/Users/User/Downloads/07 - Gabriel Lee - Nature Cycles Variations - Part 1 (Edit).flac
  file=C:/Users/User/Downloads/01 - BURUKLYN BOYZ - GENJE SANA.m4a
2026-03-03T19:40:37.234848 system.pick_files mode=audio selected=3
2026-03-03T19:40:42.279160 pick_files_for_mode mode=audio accepted=False selected=0
2026-03-03T19:40:42.281169 system.pick_files mode=audio selected=0
2026-03-03T19:47:21.799817 pick_files_for_mode mode=audio accepted=True selected=3
  file=C:/Users/User/Downloads/01 - Toxic Lyrikali - Bad Everyday.flac
  file=C:/Users/User/Downloads/07 - Gabriel Lee - Nature Cycles Variations - Part 1 (Edit).flac
  file=C:/Users/User/Downloads/01 - BURUKLYN BOYZ - GENJE SANA.m4a
2026-03-03T19:47:24.153491 pick_files_for_mode mode=audio accepted=False selected=0
2026-03-03T19:47:24.157508 system.pick_files mode=audio selected=0
2026-03-03T19:48:01.272332 pick_files_for_mode mode=audio accepted=False selected=0
2026-03-03T19:48:03.776176 pick_files_for_mode mode=audio accepted=False selected=0
2026-03-03T19:48:03.780187 system.pick_files mode=audio selected=0
2026-03-03T19:58:15.976715 pick_files_for_mode mode=audio accepted=True selected=3
  file=C:/Users/User/Downloads/01 - Toxic Lyrikali - Bad Everyday.flac
  file=C:/Users/User/Downloads/07 - Gabriel Lee - Nature Cycles Variations - Part 1 (Edit).flac
  file=C:/Users/User/Downloads/01 - BURUKLYN BOYZ - GENJE SANA.m4a
2026-03-03T19:58:22.554291 pick_files_for_mode mode=audio accepted=True selected=3
  file=C:/Users/User/Downloads/01 - Toxic Lyrikali - Bad Everyday.flac
  file=C:/Users/User/Downloads/07 - Gabriel Lee - Nature Cycles Variations - Part 1 (Edit).flac
  file=C:/Users/User/Downloads/01 - BURUKLYN BOYZ - GENJE SANA.m4a
2026-03-03T19:58:22.556297 system.pick_files mode=audio selected=3
2026-03-03T20:22:03.510523 pick_files_for_mode mode=audio accepted=True selected=3
  file=C:/Users/User/Downloads/01 - Toxic Lyrikali - Bad Everyday.flac
  file=C:/Users/User/Downloads/07 - Gabriel Lee - Nature Cycles Variations - Part 1 (Edit).flac
  file=C:/Users/User/Downloads/01 - BURUKLYN BOYZ - GENJE SANA.m4a
2026-03-03T20:22:03.512528 system.pick_files mode=audio selected=3
2026-03-03T20:22:55.050670 pick_files_for_mode mode=audio accepted=False selected=0
2026-03-03T20:22:55.052677 system.pick_files mode=audio selected=0
2026-03-03T21:25:03.297278 pick_files_for_mode mode=audio accepted=True selected=3
  file=C:/Users/User/Downloads/01 - Toxic Lyrikali - Bad Everyday.flac
  file=C:/Users/User/Downloads/07 - Gabriel Lee - Nature Cycles Variations - Part 1 (Edit).flac
  file=C:/Users/User/Downloads/01 - BURUKLYN BOYZ - GENJE SANA.m4a
2026-03-03T21:25:03.300845 system.pick_files mode=audio selected=3
2026-03-03T21:30:07.835948 pick_files_for_mode mode=audio accepted=True selected=3
  file=C:/Users/User/Downloads/01 - Toxic Lyrikali - Bad Everyday.flac
  file=C:/Users/User/Downloads/07 - Gabriel Lee - Nature Cycles Variations - Part 1 (Edit).flac
  file=C:/Users/User/Downloads/01 - BURUKLYN BOYZ - GENJE SANA.m4a
2026-03-03T21:30:07.841575 system.pick_files mode=audio selected=3
2026-03-03T21:34:54.450691 pick_files_for_mode mode=audio accepted=True selected=4
  file=C:/Users/User/Downloads/01 - Toxic Lyrikali - Bad Everyday.flac
  file=C:/Users/User/Downloads/07 - Gabriel Lee - Nature Cycles Variations - Part 1 (Edit).flac
  file=C:/Users/User/Downloads/01 - BURUKLYN BOYZ - GENJE SANA.m4a
  file=C:/Users/User/Downloads/11. Roberto - Ama-Rulah.flac
2026-03-03T21:34:54.450691 system.pick_files mode=audio selected=4
2026-03-03T21:34:54.471095 system.get_last_picked_files mode=audio cached_mode=audio selected=4 age_ms=20
2026-03-03T21:34:54.473120 pick_files_for_mode mode=audio cached=True selected=4
2026-03-03T21:34:54.474125 system.pick_files mode=audio selected=4
2026-03-03T21:34:54.476152 system.get_last_picked_files mode=audio cached_mode=audio selected=4 age_ms=25
2026-03-03T21:38:48.491567 pick_files_for_mode mode=audio accepted=True selected=3
  file=C:/Users/User/Downloads/01 - Toxic Lyrikali - Bad Everyday.flac
  file=C:/Users/User/Downloads/07 - Gabriel Lee - Nature Cycles Variations - Part 1 (Edit).flac
  file=C:/Users/User/Downloads/01 - BURUKLYN BOYZ - GENJE SANA.m4a
2026-03-03T21:38:48.511069 pick_files_for_mode mode=audio cached=True selected=3
2026-03-03T21:38:48.513093 system.pick_files mode=audio selected=3
2026-03-03T21:38:48.515100 system.get_last_picked_files mode=audio cached_mode=audio selected=3 age_ms=23
2026-03-03T21:38:48.516844 pick_files_for_mode mode=audio cached=True selected=3
2026-03-03T21:38:48.523768 system.pick_files mode=audio selected=3
2026-03-03T21:38:48.524767 system.get_last_picked_files mode=audio cached_mode=audio selected=3 age_ms=34
2026-03-03T21:38:54.600909 pick_files_for_mode mode=audio accepted=False selected=0
2026-03-03T21:38:56.645972 pick_files_for_mode mode=audio accepted=False selected=0
2026-03-03T21:38:56.645972 system.pick_files mode=audio selected=0
2026-03-03T21:38:56.657608 system.get_last_picked_files mode=audio cached_mode=audio selected=3 age_ms=8166
2026-03-03T21:38:59.539196 pick_files_for_mode mode=audio accepted=False selected=0
2026-03-03T21:38:59.543372 system.pick_files mode=audio selected=0
2026-03-03T21:38:59.561589 system.get_last_picked_files mode=audio cached_mode=audio selected=3 age_ms=11070
2026-03-03T21:39:24.184740 pick_files_for_mode mode=audio accepted=True selected=4
  file=C:/Users/User/Downloads/01 - Toxic Lyrikali - Bad Everyday.flac
  file=C:/Users/User/Downloads/07 - Gabriel Lee - Nature Cycles Variations - Part 1 (Edit).flac
  file=C:/Users/User/Downloads/01 - BURUKLYN BOYZ - GENJE SANA.m4a
  file=C:/Users/User/Downloads/11. Roberto - Ama-Rulah.flac
2026-03-03T21:39:24.202370 pick_files_for_mode mode=audio cached=True selected=4
2026-03-03T21:39:24.204444 system.pick_files mode=audio selected=4
2026-03-03T21:39:24.206417 system.get_last_picked_files mode=audio cached_mode=audio selected=4 age_ms=21
2026-03-03T21:39:24.207772 pick_files_for_mode mode=audio cached=True selected=4
2026-03-03T21:39:24.209166 system.pick_files mode=audio selected=4
2026-03-03T21:39:24.212660 system.get_last_picked_files mode=audio cached_mode=audio selected=4 age_ms=27
2026-03-03T21:44:48.621852 pick_files_for_mode mode=audio accepted=True selected=3
  file=C:/Users/User/Downloads/01 - Toxic Lyrikali - Bad Everyday.flac
  file=C:/Users/User/Downloads/07 - Gabriel Lee - Nature Cycles Variations - Part 1 (Edit).flac
  file=C:/Users/User/Downloads/01 - BURUKLYN BOYZ - GENJE SANA.m4a
2026-03-03T21:44:54.248558 pick_files_for_mode mode=audio accepted=False selected=0
2026-03-06T14:16:59.834227 pick_files_for_mode mode=audio accepted=False selected=0
2026-03-06T14:17:06.277983 pick_files_for_mode mode=audio accepted=True selected=3
  file=C:/Users/User/Downloads/07 - Con Funk Shun - By Your Side (1).flac
  file=C:/Users/User/Downloads/07 - Con Funk Shun - By Your Side.flac
  file=C:/Users/User/Downloads/Con Funk Shun - By Your Side.m4a
2026-03-06T14:26:51.820615 pick_files_for_mode mode=audio accepted=True selected=1
  file=C:/Users/User/Downloads/07 - Con Funk Shun - By Your Side (1).flac
2026-03-06T14:26:51.822620 system.pick_files mode=audio selected=1 trace=pick-1772796405929-4mn8wg
2026-03-06T14:26:52.972077 pick_files_for_mode mode=audio cached=True selected=1
2026-03-06T14:26:52.974329 system.pick_files mode=audio selected=1 trace=pick-1772796412964-y0ex5k
2026-03-06T14:33:47.166548 pick_files_for_mode mode=audio accepted=True selected=3
  file=C:/Users/User/Desktop/tiktok projects/01 - Gajendra Verma - Tera Ghata (Female).m4a
  file=C:/Users/User/Desktop/tiktok projects/01. Nadia Mukami - Mario (A Franco Tribute).flac
  file=C:/Users/User/Desktop/tiktok projects/ANNASTACIA KIATU KIVUE - Kiatu Kivue (feat. Rose Muhando).flac
2026-03-06T14:33:47.168557 system.pick_files mode=audio selected=3 trace=pick-1772796812906-k5k1c1
2026-03-06T14:39:20.411797 pick_files_for_mode mode=video accepted=False selected=0
2026-03-06T14:39:20.419565 system.pick_files mode=video selected=0 trace=pick-1772797140791-augroa
2026-03-06T14:39:26.945115 pick_files_for_mode mode=video accepted=True selected=1
  file=C:/Users/User/Desktop/copyright_batch_20260306_143653.mp4
2026-03-06T14:39:26.953761 system.pick_files mode=video selected=1 trace=pick-1772797163201-zdnodx
2026-03-06T15:04:15.419923 pick_files_for_mode mode=audio accepted=True selected=2
  file=C:/Users/User/Downloads/Hi Frrmbanya (Edit) _ Unspoken Salaton & Breeder LW.mp3
  file=C:/Users/User/Downloads/Menagerie - The Love I Have To Give.mp3
2026-03-06T15:05:07.904409 pick_files_for_mode mode=audio accepted=False selected=0
2026-03-06T15:05:16.591254 pick_files_for_mode mode=audio accepted=True selected=3
  file=C:/Users/User/Desktop/tiktok projects/01. Nadia Mukami - Mario (A Franco Tribute).flac
  file=C:/Users/User/Desktop/tiktok projects/ANNASTACIA KIATU KIVUE - Kiatu Kivue (feat. Rose Muhando).flac
  file=C:/Users/User/Desktop/tiktok projects/Bayanni - Ta Ta Ta.flac
2026-03-06T15:08:30.871132 pick_files_for_mode mode=audio accepted=True selected=3
  file=C:/Users/User/Desktop/tiktok projects/01 - Gajendra Verma - Tera Ghata (Female).m4a
  file=C:/Users/User/Desktop/tiktok projects/01. Nadia Mukami - Mario (A Franco Tribute).flac
  file=C:/Users/User/Desktop/tiktok projects/ANNASTACIA KIATU KIVUE - Kiatu Kivue (feat. Rose Muhando).flac
2026-03-06T15:08:30.873141 system.pick_files mode=audio selected=3 trace=-
2026-03-06T15:37:48.628105 pick_files_for_mode mode=audio accepted=True selected=3
  file=C:/Users/User/Desktop/MP3/01 - Alikiba - Cinderella.flac
  file=C:/Users/User/Desktop/MP3/01 - BURUKLYN BOYZ - GENJE SANA.m4a
  file=C:/Users/User/Desktop/MP3/01 - Harry Craze - Bwagalaa.flac
2026-03-06T15:37:48.634133 system.pick_files mode=audio selected=3 trace=-
2026-03-10T10:43:49.576486 pick_files_for_mode mode=audio accepted=True selected=2
  file=C:/Users/User/Downloads/07 - Con Funk Shun - By Your Side.flac
  file=C:/Users/User/Downloads/Con Funk Shun - By Your Side.m4a
2026-03-10T10:43:49.576486 system.pick_files mode=audio selected=2 trace=-
2026-03-10T15:15:54.943570 pick_files_for_mode mode=audio accepted=True selected=1
  file=C:/Users/User/Downloads/01 - Harry Craze - Bwagalaa.flac
2026-03-10T15:15:54.950967 system.pick_files mode=audio selected=1 trace=-
2026-03-10T15:19:15.535540 pick_files_for_mode mode=audio accepted=True selected=1
  file=C:/Users/User/Downloads/01 - Harry Craze - Bwagalaa.flac
2026-03-10T15:19:15.535540 system.pick_files mode=audio selected=1 trace=-
2026-03-10T15:39:04.279422 pick_files_for_mode mode=audio accepted=True selected=1
  file=C:/Users/User/Downloads/01 - DeMarco - Lazy Body.m4a
2026-03-10T15:39:04.279422 system.pick_files mode=audio selected=1 trace=-
2026-03-11T19:33:49.972667 pick_files_for_mode mode=audio accepted=True selected=1
  file=C:/Users/User/Downloads/01 - Collo Blue - Wakiuliza.flac
2026-03-11T19:33:49.974673 system.pick_files mode=audio selected=1 trace=-
2026-03-11T19:52:52.724768 pick_files_for_mode mode=audio accepted=True selected=1
  file=C:/Users/User/Downloads/01 - Drake - What Did I Miss_.mp3
2026-03-11T19:52:52.730604 system.pick_files mode=audio selected=1 trace=-
2026-03-12T10:32:50.801145 pick_files_for_mode mode=audio accepted=False selected=0
2026-03-12T10:32:50.806826 system.pick_files mode=audio selected=0 trace=-
2026-03-12T10:32:50.834115 system.get_last_picked_files mode=audio cached_mode=none selected=0 age_ms=1773300770834
